[debug] [2024-09-30T13:17:18.246Z] ----------------------------------------------------------------------
[debug] [2024-09-30T13:17:18.247Z] Command:       /Users/s15191/.nvm/versions/node/v20.17.0/bin/node /Users/s15191/.nvm/versions/node/v20.17.0/bin/firebase init
[debug] [2024-09-30T13:17:18.247Z] CLI Version:   13.20.1
[debug] [2024-09-30T13:17:18.247Z] Platform:      darwin
[debug] [2024-09-30T13:17:18.247Z] Node Version:  v20.17.0
[debug] [2024-09-30T13:17:18.247Z] Time:          Mon Sep 30 2024 22:17:18 GMT+0900 (Japan Standard Time)
[debug] [2024-09-30T13:17:18.248Z] ----------------------------------------------------------------------
[debug] 
[debug] [2024-09-30T13:17:18.251Z] > command requires scopes: ["email","openid","https://www.googleapis.com/auth/cloudplatformprojects.readonly","https://www.googleapis.com/auth/firebase","https://www.googleapis.com/auth/cloud-platform"]
[debug] [2024-09-30T13:17:18.251Z] > authorizing via signed-in user (sousquared@gmail.com)
[info] 
     ######## #### ########  ######## ########     ###     ######  ########
     ##        ##  ##     ## ##       ##     ##  ##   ##  ##       ##
     ######    ##  ########  ######   ########  #########  ######  ######
     ##        ##  ##    ##  ##       ##     ## ##     ##       ## ##
     ##       #### ##     ## ######## ########  ##     ##  ######  ########

You're about to initialize a Firebase project in this directory:

  /Users/s15191/work/hoge/pokemon-app

[info] 
=== Project Setup
[info] 
[info] First, let's associate this project directory with a Firebase project.
[info] You can create multiple project aliases by running firebase use --add, 
[info] but for now we'll just set up a default project.
[info] 
[debug] [2024-09-30T13:17:21.779Z] Checked if tokens are valid: true, expires at: 1727705742180
[debug] [2024-09-30T13:17:21.779Z] Checked if tokens are valid: true, expires at: 1727705742180
[debug] [2024-09-30T13:17:21.781Z] >>> [apiv2][query] GET https://firebase.googleapis.com/v1beta1/projects pageSize=100
[debug] [2024-09-30T13:17:22.536Z] <<< [apiv2][status] GET https://firebase.googleapis.com/v1beta1/projects 200
[debug] [2024-09-30T13:17:22.536Z] <<< [apiv2][body] GET https://firebase.googleapis.com/v1beta1/projects [omitted]
[info] i  Using project pokemon-app-b0d4b (pokemon-app) 
[info] 
=== Hosting Setup
[debug] [2024-09-30T13:17:23.701Z] Checked if tokens are valid: true, expires at: 1727705742180
[debug] [2024-09-30T13:17:23.702Z] Checked if tokens are valid: true, expires at: 1727705742180
[debug] [2024-09-30T13:17:23.702Z] >>> [apiv2][query] GET https://firebase.googleapis.com/v1beta1/projects/pokemon-app-b0d4b [none]
[debug] [2024-09-30T13:17:23.963Z] <<< [apiv2][status] GET https://firebase.googleapis.com/v1beta1/projects/pokemon-app-b0d4b 200
[debug] [2024-09-30T13:17:23.963Z] <<< [apiv2][body] GET https://firebase.googleapis.com/v1beta1/projects/pokemon-app-b0d4b {"projectId":"pokemon-app-b0d4b","projectNumber":"578719564679","displayName":"pokemon-app","name":"projects/pokemon-app-b0d4b","resources":{"hostingSite":"pokemon-app-b0d4b"},"state":"ACTIVE","etag":"1_d132eeaf-7bca-47fd-a342-0e87a701b3b5"}
[info] 
[info] Your public directory is the folder (relative to your project directory) that
[info] will contain Hosting assets to be uploaded with firebase deploy. If you
[info] have a build process for your assets, use your build's output directory.
[info] 
[info] ✔  Wrote build/404.html 
[debug] [2024-09-30T13:17:52.921Z] >>> [apiv2][query] GET https://www.gstatic.com/firebasejs/releases.json [none]
[debug] [2024-09-30T13:17:53.049Z] <<< [apiv2][status] GET https://www.gstatic.com/firebasejs/releases.json 200
[debug] [2024-09-30T13:17:53.050Z] <<< [apiv2][body] GET https://www.gstatic.com/firebasejs/releases.json {"current":{"version":"10.13.2","browserURL":"https://www.gstatic.com/firebasejs/10.13.2/firebase.js","packageURL":"https://www.gstatic.com/firebasejs/10.13.2/firebase.tgz"},"live":{"version":"10.13","browserURL":"https://www.gstatic.com/firebasejs/live/10.13/firebase.js","packageURL":"https://www.gstatic.com/firebasejs/live/10.13/firebase.tgz"},"components":{"analytics":"https://www.gstatic.com/firebasejs/10.13.2/firebase-analytics.js","app":"https://www.gstatic.com/firebasejs/10.13.2/firebase-app.js","app-check":"https://www.gstatic.com/firebasejs/10.13.2/firebase-app-check.js","auth":"https://www.gstatic.com/firebasejs/10.13.2/firebase-auth.js","auth/cordova":"https://www.gstatic.com/firebasejs/10.13.2/firebase-auth/cordova.js","auth/web-extension":"https://www.gstatic.com/firebasejs/10.13.2/firebase-auth/web-extension.js","functions":"https://www.gstatic.com/firebasejs/10.13.2/firebase-functions.js","firestore":"https://www.gstatic.com/firebasejs/10.13.2/firebase-firestore.js","firestore/lite":"https://www.gstatic.com/firebasejs/10.13.2/firebase-firestore/lite.js","installations":"https://www.gstatic.com/firebasejs/10.13.2/firebase-installations.js","storage":"https://www.gstatic.com/firebasejs/10.13.2/firebase-storage.js","performance":"https://www.gstatic.com/firebasejs/10.13.2/firebase-performance.js","remote-config":"https://www.gstatic.com/firebasejs/10.13.2/firebase-remote-config.js","messaging":"https://www.gstatic.com/firebasejs/10.13.2/firebase-messaging.js","messaging/sw":"https://www.gstatic.com/firebasejs/10.13.2/firebase-messaging/sw.js","database":"https://www.gstatic.com/firebasejs/10.13.2/firebase-database.js","vertexai-preview":"https://www.gstatic.com/firebasejs/10.13.2/firebase-vertexai-preview.js","firestore.memory":"https://www.gstatic.com/firebasejs/10.13.2/firebase-firestore.memory.js"}}
[info] ✔  Wrote build/index.html 
[info] 
[info] i  Detected a .git folder at /Users/s15191 
[info] i  Authorizing with GitHub to upload your service account to a GitHub repository's secrets store. 
[info] 
[info] Visit this URL on this device to log in:
[info] https://github.com/login/oauth/authorize?client_id=89cf50f02ac6aaed3484&state=234428187&redirect_uri=http%3A%2F%2Flocalhost%3A9010&scope=read%3Auser%20repo%20public_repo
[info] 
[info] Waiting for authentication...
[debug] [2024-09-30T13:18:54.697Z] >>> [apiv2][query] POST https://github.com/login/oauth/access_token [none]
[debug] [2024-09-30T13:18:54.699Z] >>> [apiv2][body] POST https://github.com/login/oauth/access_token [stream]
[debug] [2024-09-30T13:18:55.065Z] <<< [apiv2][status] POST https://github.com/login/oauth/access_token 200
[debug] [2024-09-30T13:18:55.065Z] <<< [apiv2][body] POST https://github.com/login/oauth/access_token {"access_token":"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","token_type":"bearer","scope":"read:user,repo"}
[debug] [2024-09-30T13:18:55.071Z] >>> [apiv2][query] GET https://api.github.com/user [none]
[debug] [2024-09-30T13:18:55.517Z] <<< [apiv2][status] GET https://api.github.com/user 200
[debug] [2024-09-30T13:18:55.517Z] <<< [apiv2][body] GET https://api.github.com/user {"login":"sousquared","id":30688238,"node_id":"MDQ6VXNlcjMwNjg4MjM4","avatar_url":"https://avatars.githubusercontent.com/u/30688238?v=4","gravatar_id":"","url":"https://api.github.com/users/sousquared","html_url":"https://github.com/sousquared","followers_url":"https://api.github.com/users/sousquared/followers","following_url":"https://api.github.com/users/sousquared/following{/other_user}","gists_url":"https://api.github.com/users/sousquared/gists{/gist_id}","starred_url":"https://api.github.com/users/sousquared/starred{/owner}{/repo}","subscriptions_url":"https://api.github.com/users/sousquared/subscriptions","organizations_url":"https://api.github.com/users/sousquared/orgs","repos_url":"https://api.github.com/users/sousquared/repos","events_url":"https://api.github.com/users/sousquared/events{/privacy}","received_events_url":"https://api.github.com/users/sousquared/received_events","type":"User","site_admin":false,"name":"Sou Yoshihara","company":null,"blog":"","location":"Tokyo, Japan","email":"sousquared@gmail.com","hireable":null,"bio":"Master of informatics (from Kyoto univ.), \r\nDeep Learning & Vision Science,\r\nInstagram: sousquared","twitter_username":"sou_squared","notification_email":"sousquared@gmail.com","public_repos":29,"public_gists":0,"followers":0,"following":0,"created_at":"2017-08-03T08:56:55Z","updated_at":"2024-09-11T09:27:38Z","private_gists":30,"total_private_repos":41,"owned_private_repos":31,"disk_usage":800006,"collaborators":4,"two_factor_authentication":true,"plan":{"name":"free","space":976562499,"collaborators":0,"private_repos":10000}}
[info] 
[info] ✔  Success! Logged into GitHub as sousquared 
[info] 
